02:41:14 INFO  : Registering command handlers for SDK TCF services
02:41:16 INFO  : Launching XSCT server: xsct.bat -interactive C:\Zynq_Book\first_zynq_design\first_zynq_design.sdk\temp_xsdb_launch_script.tcl
02:41:21 INFO  : XSCT server has started successfully.
02:41:22 INFO  : Successfully done setting XSCT server connection channel  
02:41:22 INFO  : Processing command line option -hwspec C:/Zynq_Book/first_zynq_design/first_zynq_design.sdk/first_zynq_system_wrapper.hdf.
02:41:22 INFO  : Successfully done setting SDK workspace  
22:46:07 INFO  : Registering command handlers for SDK TCF services
22:46:09 INFO  : Launching XSCT server: xsct.bat -interactive C:\Zynq_Book\rtos_time_slice_schedule\rtos_time_slice_schedule.sdk\temp_xsdb_launch_script.tcl
22:46:13 INFO  : XSCT server has started successfully.
22:46:13 INFO  : Successfully done setting XSCT server connection channel  
22:46:14 INFO  : Successfully done setting SDK workspace  
22:46:14 INFO  : Processing command line option -hwspec C:/Zynq_Book/rtos_time_slice_schedule/rtos_time_slice_schedule.sdk/first_zynq_system_wrapper.hdf.
03:33:26 INFO  : Connected to target on host '127.0.0.1' and port '3121'.
03:33:28 INFO  : 'targets -set -filter {jtag_cable_name =~ "Digilent Zybo 210279759083A" && level==0} -index 1' command is executed.
03:33:30 INFO  : FPGA configured successfully with bitstream "C:/Zynq_Book/rtos_time_slice_schedule/rtos_time_slice_schedule.sdk/first_zynq_system_wrapper_hw_platform_0/first_zynq_system_wrapper.bit"
03:34:01 INFO  : 'targets -set -filter {jtag_cable_name =~ "Digilent Zybo 210279759083A" && level==0} -index 1' command is executed.
03:34:01 INFO  : 'fpga -state' command is executed.
03:34:01 INFO  : Connected to target on host '127.0.0.1' and port '3121'.
03:34:01 INFO  : Jtag cable 'Digilent Zybo 210279759083A' is selected.
03:34:01 INFO  : 'jtag frequency' command is executed.
03:34:01 INFO  : Sourcing of 'C:/Zynq_Book/rtos_time_slice_schedule/rtos_time_slice_schedule.sdk/first_zynq_system_wrapper_hw_platform_0/ps7_init.tcl' is done.
03:34:01 INFO  : Context for 'APU' is selected.
03:34:01 INFO  : Hardware design information is loaded from 'C:/Zynq_Book/rtos_time_slice_schedule/rtos_time_slice_schedule.sdk/first_zynq_system_wrapper_hw_platform_0/system.hdf'.
03:34:01 INFO  : 'configparams force-mem-access 1' command is executed.
03:34:01 INFO  : Context for 'APU' is selected.
03:34:02 INFO  : 'stop' command is executed.
03:34:03 INFO  : 'ps7_init' command is executed.
03:34:03 INFO  : 'ps7_post_config' command is executed.
03:34:03 INFO  : Context for processor 'ps7_cortexa9_0' is selected.
03:34:03 INFO  : Processor reset is completed for 'ps7_cortexa9_0'.
03:34:03 INFO  : Context for processor 'ps7_cortexa9_0' is selected.
03:34:04 INFO  : The application 'C:/Zynq_Book/rtos_time_slice_schedule/rtos_time_slice_schedule.sdk/time_slice_schedule/Debug/time_slice_schedule.elf' is downloaded to processor 'ps7_cortexa9_0'.
03:34:04 INFO  : 'configparams force-mem-access 0' command is executed.
03:34:04 INFO  : ----------------XSDB Script----------------
connect -url tcp:127.0.0.1:3121
source C:/Zynq_Book/rtos_time_slice_schedule/rtos_time_slice_schedule.sdk/first_zynq_system_wrapper_hw_platform_0/ps7_init.tcl
targets -set -nocase -filter {name =~"APU*" && jtag_cable_name =~ "Digilent Zybo 210279759083A"} -index 0
loadhw -hw C:/Zynq_Book/rtos_time_slice_schedule/rtos_time_slice_schedule.sdk/first_zynq_system_wrapper_hw_platform_0/system.hdf -mem-ranges [list {0x40000000 0xbfffffff}]
configparams force-mem-access 1
targets -set -nocase -filter {name =~"APU*" && jtag_cable_name =~ "Digilent Zybo 210279759083A"} -index 0
stop
ps7_init
ps7_post_config
targets -set -nocase -filter {name =~ "ARM*#0" && jtag_cable_name =~ "Digilent Zybo 210279759083A"} -index 0
rst -processor
targets -set -nocase -filter {name =~ "ARM*#0" && jtag_cable_name =~ "Digilent Zybo 210279759083A"} -index 0
dow C:/Zynq_Book/rtos_time_slice_schedule/rtos_time_slice_schedule.sdk/time_slice_schedule/Debug/time_slice_schedule.elf
configparams force-mem-access 0
----------------End of Script----------------

03:34:04 INFO  : Memory regions updated for context APU
03:34:04 INFO  : Context for processor 'ps7_cortexa9_0' is selected.
03:34:04 INFO  : 'con' command is executed.
03:34:04 INFO  : ----------------XSDB Script (After Launch)----------------
targets -set -nocase -filter {name =~ "ARM*#0" && jtag_cable_name =~ "Digilent Zybo 210279759083A"} -index 0
con
----------------End of Script----------------

03:34:04 INFO  : Launch script is exported to file 'C:\Zynq_Book\rtos_time_slice_schedule\rtos_time_slice_schedule.sdk\.sdk\launch_scripts\xilinx_c-c++_application_(system_debugger)\system_debugger_using_debug_time_slice_schedule.elf_on_local.tcl'
04:04:05 INFO  : Connected to target on host '127.0.0.1' and port '3121'.
04:04:06 INFO  : 'targets -set -filter {jtag_cable_name =~ "Digilent Zybo 210279759083A" && level==0} -index 1' command is executed.
04:04:07 INFO  : FPGA configured successfully with bitstream "C:/Zynq_Book/rtos_time_slice_schedule/rtos_time_slice_schedule.sdk/first_zynq_system_wrapper_hw_platform_0/first_zynq_system_wrapper.bit"
04:04:14 INFO  : Disconnected from the channel tcfchan#1.
04:04:15 INFO  : 'targets -set -filter {jtag_cable_name =~ "Digilent Zybo 210279759083A" && level==0} -index 1' command is executed.
04:04:15 INFO  : 'fpga -state' command is executed.
04:04:15 INFO  : Connected to target on host '127.0.0.1' and port '3121'.
04:04:16 INFO  : Jtag cable 'Digilent Zybo 210279759083A' is selected.
04:04:16 INFO  : 'jtag frequency' command is executed.
04:04:16 INFO  : Sourcing of 'C:/Zynq_Book/rtos_time_slice_schedule/rtos_time_slice_schedule.sdk/first_zynq_system_wrapper_hw_platform_0/ps7_init.tcl' is done.
04:04:16 INFO  : Context for 'APU' is selected.
04:04:18 INFO  : Hardware design information is loaded from 'C:/Zynq_Book/rtos_time_slice_schedule/rtos_time_slice_schedule.sdk/first_zynq_system_wrapper_hw_platform_0/system.hdf'.
04:04:18 INFO  : 'configparams force-mem-access 1' command is executed.
04:04:18 INFO  : Context for 'APU' is selected.
04:04:18 INFO  : 'stop' command is executed.
04:04:20 INFO  : 'ps7_init' command is executed.
04:04:20 INFO  : 'ps7_post_config' command is executed.
04:04:20 INFO  : Context for processor 'ps7_cortexa9_0' is selected.
04:04:20 INFO  : Processor reset is completed for 'ps7_cortexa9_0'.
04:04:20 INFO  : Context for processor 'ps7_cortexa9_0' is selected.
04:04:20 INFO  : The application 'C:/Zynq_Book/rtos_time_slice_schedule/rtos_time_slice_schedule.sdk/time_slice_schedule/Debug/time_slice_schedule.elf' is downloaded to processor 'ps7_cortexa9_0'.
04:04:20 INFO  : 'configparams force-mem-access 0' command is executed.
04:04:20 INFO  : ----------------XSDB Script----------------
connect -url tcp:127.0.0.1:3121
source C:/Zynq_Book/rtos_time_slice_schedule/rtos_time_slice_schedule.sdk/first_zynq_system_wrapper_hw_platform_0/ps7_init.tcl
targets -set -nocase -filter {name =~"APU*" && jtag_cable_name =~ "Digilent Zybo 210279759083A"} -index 0
loadhw -hw C:/Zynq_Book/rtos_time_slice_schedule/rtos_time_slice_schedule.sdk/first_zynq_system_wrapper_hw_platform_0/system.hdf -mem-ranges [list {0x40000000 0xbfffffff}]
configparams force-mem-access 1
targets -set -nocase -filter {name =~"APU*" && jtag_cable_name =~ "Digilent Zybo 210279759083A"} -index 0
stop
ps7_init
ps7_post_config
targets -set -nocase -filter {name =~ "ARM*#0" && jtag_cable_name =~ "Digilent Zybo 210279759083A"} -index 0
rst -processor
targets -set -nocase -filter {name =~ "ARM*#0" && jtag_cable_name =~ "Digilent Zybo 210279759083A"} -index 0
dow C:/Zynq_Book/rtos_time_slice_schedule/rtos_time_slice_schedule.sdk/time_slice_schedule/Debug/time_slice_schedule.elf
configparams force-mem-access 0
----------------End of Script----------------

04:04:20 INFO  : Memory regions updated for context APU
04:04:21 INFO  : Context for processor 'ps7_cortexa9_0' is selected.
04:04:21 INFO  : 'con' command is executed.
04:04:21 INFO  : ----------------XSDB Script (After Launch)----------------
targets -set -nocase -filter {name =~ "ARM*#0" && jtag_cable_name =~ "Digilent Zybo 210279759083A"} -index 0
con
----------------End of Script----------------

04:04:21 INFO  : Launch script is exported to file 'C:\Zynq_Book\rtos_time_slice_schedule\rtos_time_slice_schedule.sdk\.sdk\launch_scripts\xilinx_c-c++_application_(system_debugger)\system_debugger_using_debug_time_slice_schedule.elf_on_local.tcl'
04:05:36 INFO  : Connected to target on host '127.0.0.1' and port '3121'.
04:05:36 INFO  : 'targets -set -filter {jtag_cable_name =~ "Digilent Zybo 210279759083A" && level==0} -index 1' command is executed.
04:05:37 INFO  : FPGA configured successfully with bitstream "C:/Zynq_Book/rtos_time_slice_schedule/rtos_time_slice_schedule.sdk/first_zynq_system_wrapper_hw_platform_0/first_zynq_system_wrapper.bit"
04:05:42 INFO  : Disconnected from the channel tcfchan#2.
04:05:43 INFO  : 'targets -set -filter {jtag_cable_name =~ "Digilent Zybo 210279759083A" && level==0} -index 1' command is executed.
04:05:43 INFO  : 'fpga -state' command is executed.
04:05:43 INFO  : Connected to target on host '127.0.0.1' and port '3121'.
04:05:44 INFO  : Jtag cable 'Digilent Zybo 210279759083A' is selected.
04:05:44 INFO  : 'jtag frequency' command is executed.
04:05:44 INFO  : Sourcing of 'C:/Zynq_Book/rtos_time_slice_schedule/rtos_time_slice_schedule.sdk/first_zynq_system_wrapper_hw_platform_0/ps7_init.tcl' is done.
04:05:44 INFO  : Context for 'APU' is selected.
04:05:44 INFO  : Hardware design information is loaded from 'C:/Zynq_Book/rtos_time_slice_schedule/rtos_time_slice_schedule.sdk/first_zynq_system_wrapper_hw_platform_0/system.hdf'.
04:05:44 INFO  : 'configparams force-mem-access 1' command is executed.
04:05:44 INFO  : Context for 'APU' is selected.
04:05:44 INFO  : 'stop' command is executed.
04:05:45 INFO  : 'ps7_init' command is executed.
04:05:45 INFO  : 'ps7_post_config' command is executed.
04:05:45 INFO  : Context for processor 'ps7_cortexa9_0' is selected.
04:05:46 INFO  : Processor reset is completed for 'ps7_cortexa9_0'.
04:05:46 INFO  : Context for processor 'ps7_cortexa9_0' is selected.
04:05:46 INFO  : The application 'C:/Zynq_Book/rtos_time_slice_schedule/rtos_time_slice_schedule.sdk/time_slice_schedule/Debug/time_slice_schedule.elf' is downloaded to processor 'ps7_cortexa9_0'.
04:05:46 INFO  : 'configparams force-mem-access 0' command is executed.
04:05:46 INFO  : ----------------XSDB Script----------------
connect -url tcp:127.0.0.1:3121
source C:/Zynq_Book/rtos_time_slice_schedule/rtos_time_slice_schedule.sdk/first_zynq_system_wrapper_hw_platform_0/ps7_init.tcl
targets -set -nocase -filter {name =~"APU*" && jtag_cable_name =~ "Digilent Zybo 210279759083A"} -index 0
loadhw -hw C:/Zynq_Book/rtos_time_slice_schedule/rtos_time_slice_schedule.sdk/first_zynq_system_wrapper_hw_platform_0/system.hdf -mem-ranges [list {0x40000000 0xbfffffff}]
configparams force-mem-access 1
targets -set -nocase -filter {name =~"APU*" && jtag_cable_name =~ "Digilent Zybo 210279759083A"} -index 0
stop
ps7_init
ps7_post_config
targets -set -nocase -filter {name =~ "ARM*#0" && jtag_cable_name =~ "Digilent Zybo 210279759083A"} -index 0
rst -processor
targets -set -nocase -filter {name =~ "ARM*#0" && jtag_cable_name =~ "Digilent Zybo 210279759083A"} -index 0
dow C:/Zynq_Book/rtos_time_slice_schedule/rtos_time_slice_schedule.sdk/time_slice_schedule/Debug/time_slice_schedule.elf
configparams force-mem-access 0
----------------End of Script----------------

04:05:46 INFO  : Memory regions updated for context APU
04:05:46 INFO  : Context for processor 'ps7_cortexa9_0' is selected.
04:05:46 INFO  : 'con' command is executed.
04:05:46 INFO  : ----------------XSDB Script (After Launch)----------------
targets -set -nocase -filter {name =~ "ARM*#0" && jtag_cable_name =~ "Digilent Zybo 210279759083A"} -index 0
con
----------------End of Script----------------

04:05:46 INFO  : Launch script is exported to file 'C:\Zynq_Book\rtos_time_slice_schedule\rtos_time_slice_schedule.sdk\.sdk\launch_scripts\xilinx_c-c++_application_(system_debugger)\system_debugger_using_debug_time_slice_schedule.elf_on_local.tcl'
04:08:11 INFO  : Connected to target on host '127.0.0.1' and port '3121'.
04:08:11 INFO  : 'targets -set -filter {jtag_cable_name =~ "Digilent Zybo 210279759083A" && level==0} -index 1' command is executed.
04:08:12 INFO  : FPGA configured successfully with bitstream "C:/Zynq_Book/rtos_time_slice_schedule/rtos_time_slice_schedule.sdk/first_zynq_system_wrapper_hw_platform_0/first_zynq_system_wrapper.bit"
04:08:17 INFO  : Disconnected from the channel tcfchan#3.
04:08:19 INFO  : 'targets -set -filter {jtag_cable_name =~ "Digilent Zybo 210279759083A" && level==0} -index 1' command is executed.
04:08:19 INFO  : 'fpga -state' command is executed.
04:08:19 INFO  : Connected to target on host '127.0.0.1' and port '3121'.
04:08:19 INFO  : Jtag cable 'Digilent Zybo 210279759083A' is selected.
04:08:19 INFO  : 'jtag frequency' command is executed.
04:08:19 INFO  : Sourcing of 'C:/Zynq_Book/rtos_time_slice_schedule/rtos_time_slice_schedule.sdk/first_zynq_system_wrapper_hw_platform_0/ps7_init.tcl' is done.
04:08:19 INFO  : Context for 'APU' is selected.
04:08:19 INFO  : Hardware design information is loaded from 'C:/Zynq_Book/rtos_time_slice_schedule/rtos_time_slice_schedule.sdk/first_zynq_system_wrapper_hw_platform_0/system.hdf'.
04:08:19 INFO  : 'configparams force-mem-access 1' command is executed.
04:08:19 INFO  : Context for 'APU' is selected.
04:08:19 INFO  : 'stop' command is executed.
04:08:21 INFO  : 'ps7_init' command is executed.
04:08:21 INFO  : 'ps7_post_config' command is executed.
04:08:21 INFO  : Context for processor 'ps7_cortexa9_0' is selected.
04:08:21 INFO  : Processor reset is completed for 'ps7_cortexa9_0'.
04:08:21 INFO  : Context for processor 'ps7_cortexa9_0' is selected.
04:08:22 INFO  : The application 'C:/Zynq_Book/rtos_time_slice_schedule/rtos_time_slice_schedule.sdk/time_slice_schedule/Debug/time_slice_schedule.elf' is downloaded to processor 'ps7_cortexa9_0'.
04:08:22 INFO  : 'configparams force-mem-access 0' command is executed.
04:08:22 INFO  : ----------------XSDB Script----------------
connect -url tcp:127.0.0.1:3121
source C:/Zynq_Book/rtos_time_slice_schedule/rtos_time_slice_schedule.sdk/first_zynq_system_wrapper_hw_platform_0/ps7_init.tcl
targets -set -nocase -filter {name =~"APU*" && jtag_cable_name =~ "Digilent Zybo 210279759083A"} -index 0
loadhw -hw C:/Zynq_Book/rtos_time_slice_schedule/rtos_time_slice_schedule.sdk/first_zynq_system_wrapper_hw_platform_0/system.hdf -mem-ranges [list {0x40000000 0xbfffffff}]
configparams force-mem-access 1
targets -set -nocase -filter {name =~"APU*" && jtag_cable_name =~ "Digilent Zybo 210279759083A"} -index 0
stop
ps7_init
ps7_post_config
targets -set -nocase -filter {name =~ "ARM*#0" && jtag_cable_name =~ "Digilent Zybo 210279759083A"} -index 0
rst -processor
targets -set -nocase -filter {name =~ "ARM*#0" && jtag_cable_name =~ "Digilent Zybo 210279759083A"} -index 0
dow C:/Zynq_Book/rtos_time_slice_schedule/rtos_time_slice_schedule.sdk/time_slice_schedule/Debug/time_slice_schedule.elf
configparams force-mem-access 0
----------------End of Script----------------

04:08:22 INFO  : Memory regions updated for context APU
04:08:22 INFO  : Context for processor 'ps7_cortexa9_0' is selected.
04:08:22 INFO  : 'con' command is executed.
04:08:22 INFO  : ----------------XSDB Script (After Launch)----------------
targets -set -nocase -filter {name =~ "ARM*#0" && jtag_cable_name =~ "Digilent Zybo 210279759083A"} -index 0
con
----------------End of Script----------------

04:08:22 INFO  : Launch script is exported to file 'C:\Zynq_Book\rtos_time_slice_schedule\rtos_time_slice_schedule.sdk\.sdk\launch_scripts\xilinx_c-c++_application_(system_debugger)\system_debugger_using_debug_time_slice_schedule.elf_on_local.tcl'
04:10:50 INFO  : Connected to target on host '127.0.0.1' and port '3121'.
04:10:50 INFO  : 'targets -set -filter {jtag_cable_name =~ "Digilent Zybo 210279759083A" && level==0} -index 1' command is executed.
04:10:51 INFO  : FPGA configured successfully with bitstream "C:/Zynq_Book/rtos_time_slice_schedule/rtos_time_slice_schedule.sdk/first_zynq_system_wrapper_hw_platform_0/first_zynq_system_wrapper.bit"
04:10:56 INFO  : Disconnected from the channel tcfchan#4.
04:10:57 INFO  : 'targets -set -filter {jtag_cable_name =~ "Digilent Zybo 210279759083A" && level==0} -index 1' command is executed.
04:10:57 INFO  : 'fpga -state' command is executed.
04:10:57 INFO  : Connected to target on host '127.0.0.1' and port '3121'.
04:10:58 INFO  : Jtag cable 'Digilent Zybo 210279759083A' is selected.
04:10:58 INFO  : 'jtag frequency' command is executed.
04:10:58 INFO  : Sourcing of 'C:/Zynq_Book/rtos_time_slice_schedule/rtos_time_slice_schedule.sdk/first_zynq_system_wrapper_hw_platform_0/ps7_init.tcl' is done.
04:10:58 INFO  : Context for 'APU' is selected.
04:10:58 INFO  : Hardware design information is loaded from 'C:/Zynq_Book/rtos_time_slice_schedule/rtos_time_slice_schedule.sdk/first_zynq_system_wrapper_hw_platform_0/system.hdf'.
04:10:58 INFO  : 'configparams force-mem-access 1' command is executed.
04:10:58 INFO  : Context for 'APU' is selected.
04:10:58 INFO  : 'stop' command is executed.
04:10:59 INFO  : 'ps7_init' command is executed.
04:10:59 INFO  : 'ps7_post_config' command is executed.
04:10:59 INFO  : Context for processor 'ps7_cortexa9_0' is selected.
04:10:59 INFO  : Processor reset is completed for 'ps7_cortexa9_0'.
04:10:59 INFO  : Context for processor 'ps7_cortexa9_0' is selected.
04:11:00 INFO  : The application 'C:/Zynq_Book/rtos_time_slice_schedule/rtos_time_slice_schedule.sdk/time_slice_schedule/Debug/time_slice_schedule.elf' is downloaded to processor 'ps7_cortexa9_0'.
04:11:00 INFO  : 'configparams force-mem-access 0' command is executed.
04:11:00 INFO  : ----------------XSDB Script----------------
connect -url tcp:127.0.0.1:3121
source C:/Zynq_Book/rtos_time_slice_schedule/rtos_time_slice_schedule.sdk/first_zynq_system_wrapper_hw_platform_0/ps7_init.tcl
targets -set -nocase -filter {name =~"APU*" && jtag_cable_name =~ "Digilent Zybo 210279759083A"} -index 0
loadhw -hw C:/Zynq_Book/rtos_time_slice_schedule/rtos_time_slice_schedule.sdk/first_zynq_system_wrapper_hw_platform_0/system.hdf -mem-ranges [list {0x40000000 0xbfffffff}]
configparams force-mem-access 1
targets -set -nocase -filter {name =~"APU*" && jtag_cable_name =~ "Digilent Zybo 210279759083A"} -index 0
stop
ps7_init
ps7_post_config
targets -set -nocase -filter {name =~ "ARM*#0" && jtag_cable_name =~ "Digilent Zybo 210279759083A"} -index 0
rst -processor
targets -set -nocase -filter {name =~ "ARM*#0" && jtag_cable_name =~ "Digilent Zybo 210279759083A"} -index 0
dow C:/Zynq_Book/rtos_time_slice_schedule/rtos_time_slice_schedule.sdk/time_slice_schedule/Debug/time_slice_schedule.elf
configparams force-mem-access 0
----------------End of Script----------------

04:11:00 INFO  : Memory regions updated for context APU
04:11:00 INFO  : Context for processor 'ps7_cortexa9_0' is selected.
04:11:00 INFO  : 'con' command is executed.
04:11:00 INFO  : ----------------XSDB Script (After Launch)----------------
targets -set -nocase -filter {name =~ "ARM*#0" && jtag_cable_name =~ "Digilent Zybo 210279759083A"} -index 0
con
----------------End of Script----------------

04:11:00 INFO  : Launch script is exported to file 'C:\Zynq_Book\rtos_time_slice_schedule\rtos_time_slice_schedule.sdk\.sdk\launch_scripts\xilinx_c-c++_application_(system_debugger)\system_debugger_using_debug_time_slice_schedule.elf_on_local.tcl'
04:12:49 INFO  : Connected to target on host '127.0.0.1' and port '3121'.
04:12:49 INFO  : 'targets -set -filter {jtag_cable_name =~ "Digilent Zybo 210279759083A" && level==0} -index 1' command is executed.
04:12:50 INFO  : FPGA configured successfully with bitstream "C:/Zynq_Book/rtos_time_slice_schedule/rtos_time_slice_schedule.sdk/first_zynq_system_wrapper_hw_platform_0/first_zynq_system_wrapper.bit"
04:12:57 INFO  : Disconnected from the channel tcfchan#5.
04:12:58 INFO  : 'targets -set -filter {jtag_cable_name =~ "Digilent Zybo 210279759083A" && level==0} -index 1' command is executed.
04:12:58 INFO  : 'fpga -state' command is executed.
04:12:58 INFO  : Connected to target on host '127.0.0.1' and port '3121'.
04:12:58 INFO  : Jtag cable 'Digilent Zybo 210279759083A' is selected.
04:12:58 INFO  : 'jtag frequency' command is executed.
04:12:58 INFO  : Sourcing of 'C:/Zynq_Book/rtos_time_slice_schedule/rtos_time_slice_schedule.sdk/first_zynq_system_wrapper_hw_platform_0/ps7_init.tcl' is done.
04:12:59 INFO  : Context for 'APU' is selected.
04:12:59 INFO  : Hardware design information is loaded from 'C:/Zynq_Book/rtos_time_slice_schedule/rtos_time_slice_schedule.sdk/first_zynq_system_wrapper_hw_platform_0/system.hdf'.
04:12:59 INFO  : 'configparams force-mem-access 1' command is executed.
04:12:59 INFO  : Context for 'APU' is selected.
04:12:59 INFO  : 'stop' command is executed.
04:13:00 INFO  : 'ps7_init' command is executed.
04:13:00 INFO  : 'ps7_post_config' command is executed.
04:13:00 INFO  : Context for processor 'ps7_cortexa9_0' is selected.
04:13:00 INFO  : Processor reset is completed for 'ps7_cortexa9_0'.
04:13:01 INFO  : Context for processor 'ps7_cortexa9_0' is selected.
04:13:01 INFO  : The application 'C:/Zynq_Book/rtos_time_slice_schedule/rtos_time_slice_schedule.sdk/time_slice_schedule/Debug/time_slice_schedule.elf' is downloaded to processor 'ps7_cortexa9_0'.
04:13:01 INFO  : 'configparams force-mem-access 0' command is executed.
04:13:01 INFO  : ----------------XSDB Script----------------
connect -url tcp:127.0.0.1:3121
source C:/Zynq_Book/rtos_time_slice_schedule/rtos_time_slice_schedule.sdk/first_zynq_system_wrapper_hw_platform_0/ps7_init.tcl
targets -set -nocase -filter {name =~"APU*" && jtag_cable_name =~ "Digilent Zybo 210279759083A"} -index 0
loadhw -hw C:/Zynq_Book/rtos_time_slice_schedule/rtos_time_slice_schedule.sdk/first_zynq_system_wrapper_hw_platform_0/system.hdf -mem-ranges [list {0x40000000 0xbfffffff}]
configparams force-mem-access 1
targets -set -nocase -filter {name =~"APU*" && jtag_cable_name =~ "Digilent Zybo 210279759083A"} -index 0
stop
ps7_init
ps7_post_config
targets -set -nocase -filter {name =~ "ARM*#0" && jtag_cable_name =~ "Digilent Zybo 210279759083A"} -index 0
rst -processor
targets -set -nocase -filter {name =~ "ARM*#0" && jtag_cable_name =~ "Digilent Zybo 210279759083A"} -index 0
dow C:/Zynq_Book/rtos_time_slice_schedule/rtos_time_slice_schedule.sdk/time_slice_schedule/Debug/time_slice_schedule.elf
configparams force-mem-access 0
----------------End of Script----------------

04:13:01 INFO  : Memory regions updated for context APU
04:13:01 INFO  : Context for processor 'ps7_cortexa9_0' is selected.
04:13:01 INFO  : 'con' command is executed.
04:13:01 INFO  : ----------------XSDB Script (After Launch)----------------
targets -set -nocase -filter {name =~ "ARM*#0" && jtag_cable_name =~ "Digilent Zybo 210279759083A"} -index 0
con
----------------End of Script----------------

04:13:01 INFO  : Launch script is exported to file 'C:\Zynq_Book\rtos_time_slice_schedule\rtos_time_slice_schedule.sdk\.sdk\launch_scripts\xilinx_c-c++_application_(system_debugger)\system_debugger_using_debug_time_slice_schedule.elf_on_local.tcl'
04:15:01 INFO  : Connected to target on host '127.0.0.1' and port '3121'.
04:15:01 INFO  : 'targets -set -filter {jtag_cable_name =~ "Digilent Zybo 210279759083A" && level==0} -index 1' command is executed.
04:15:03 INFO  : FPGA configured successfully with bitstream "C:/Zynq_Book/rtos_time_slice_schedule/rtos_time_slice_schedule.sdk/first_zynq_system_wrapper_hw_platform_0/first_zynq_system_wrapper.bit"
04:15:07 INFO  : Disconnected from the channel tcfchan#6.
04:15:09 INFO  : 'targets -set -filter {jtag_cable_name =~ "Digilent Zybo 210279759083A" && level==0} -index 1' command is executed.
04:15:09 INFO  : 'fpga -state' command is executed.
04:15:09 INFO  : Connected to target on host '127.0.0.1' and port '3121'.
04:15:09 INFO  : Jtag cable 'Digilent Zybo 210279759083A' is selected.
04:15:09 INFO  : 'jtag frequency' command is executed.
04:15:09 INFO  : Sourcing of 'C:/Zynq_Book/rtos_time_slice_schedule/rtos_time_slice_schedule.sdk/first_zynq_system_wrapper_hw_platform_0/ps7_init.tcl' is done.
04:15:09 INFO  : Context for 'APU' is selected.
04:15:09 INFO  : Hardware design information is loaded from 'C:/Zynq_Book/rtos_time_slice_schedule/rtos_time_slice_schedule.sdk/first_zynq_system_wrapper_hw_platform_0/system.hdf'.
04:15:09 INFO  : 'configparams force-mem-access 1' command is executed.
04:15:09 INFO  : Context for 'APU' is selected.
04:15:09 INFO  : 'stop' command is executed.
04:15:10 INFO  : 'ps7_init' command is executed.
04:15:10 INFO  : 'ps7_post_config' command is executed.
04:15:10 INFO  : Context for processor 'ps7_cortexa9_0' is selected.
04:15:10 INFO  : Processor reset is completed for 'ps7_cortexa9_0'.
04:15:10 INFO  : Context for processor 'ps7_cortexa9_0' is selected.
04:15:11 INFO  : The application 'C:/Zynq_Book/rtos_time_slice_schedule/rtos_time_slice_schedule.sdk/time_slice_schedule/Debug/time_slice_schedule.elf' is downloaded to processor 'ps7_cortexa9_0'.
04:15:11 INFO  : 'configparams force-mem-access 0' command is executed.
04:15:11 INFO  : ----------------XSDB Script----------------
connect -url tcp:127.0.0.1:3121
source C:/Zynq_Book/rtos_time_slice_schedule/rtos_time_slice_schedule.sdk/first_zynq_system_wrapper_hw_platform_0/ps7_init.tcl
targets -set -nocase -filter {name =~"APU*" && jtag_cable_name =~ "Digilent Zybo 210279759083A"} -index 0
loadhw -hw C:/Zynq_Book/rtos_time_slice_schedule/rtos_time_slice_schedule.sdk/first_zynq_system_wrapper_hw_platform_0/system.hdf -mem-ranges [list {0x40000000 0xbfffffff}]
configparams force-mem-access 1
targets -set -nocase -filter {name =~"APU*" && jtag_cable_name =~ "Digilent Zybo 210279759083A"} -index 0
stop
ps7_init
ps7_post_config
targets -set -nocase -filter {name =~ "ARM*#0" && jtag_cable_name =~ "Digilent Zybo 210279759083A"} -index 0
rst -processor
targets -set -nocase -filter {name =~ "ARM*#0" && jtag_cable_name =~ "Digilent Zybo 210279759083A"} -index 0
dow C:/Zynq_Book/rtos_time_slice_schedule/rtos_time_slice_schedule.sdk/time_slice_schedule/Debug/time_slice_schedule.elf
configparams force-mem-access 0
----------------End of Script----------------

04:15:11 INFO  : Memory regions updated for context APU
04:15:11 INFO  : Context for processor 'ps7_cortexa9_0' is selected.
04:15:11 INFO  : 'con' command is executed.
04:15:11 INFO  : ----------------XSDB Script (After Launch)----------------
targets -set -nocase -filter {name =~ "ARM*#0" && jtag_cable_name =~ "Digilent Zybo 210279759083A"} -index 0
con
----------------End of Script----------------

04:15:11 INFO  : Launch script is exported to file 'C:\Zynq_Book\rtos_time_slice_schedule\rtos_time_slice_schedule.sdk\.sdk\launch_scripts\xilinx_c-c++_application_(system_debugger)\system_debugger_using_debug_time_slice_schedule.elf_on_local.tcl'
04:18:59 INFO  : Connected to target on host '127.0.0.1' and port '3121'.
04:18:59 INFO  : 'targets -set -filter {jtag_cable_name =~ "Digilent Zybo 210279759083A" && level==0} -index 1' command is executed.
04:19:01 INFO  : FPGA configured successfully with bitstream "C:/Zynq_Book/rtos_time_slice_schedule/rtos_time_slice_schedule.sdk/first_zynq_system_wrapper_hw_platform_0/first_zynq_system_wrapper.bit"
04:19:09 INFO  : Disconnected from the channel tcfchan#7.
04:19:11 INFO  : 'targets -set -filter {jtag_cable_name =~ "Digilent Zybo 210279759083A" && level==0} -index 1' command is executed.
04:19:11 INFO  : 'fpga -state' command is executed.
04:19:11 INFO  : Connected to target on host '127.0.0.1' and port '3121'.
04:19:11 INFO  : Jtag cable 'Digilent Zybo 210279759083A' is selected.
04:19:11 INFO  : 'jtag frequency' command is executed.
04:19:11 INFO  : Sourcing of 'C:/Zynq_Book/rtos_time_slice_schedule/rtos_time_slice_schedule.sdk/first_zynq_system_wrapper_hw_platform_0/ps7_init.tcl' is done.
04:19:11 INFO  : Context for 'APU' is selected.
04:19:11 INFO  : Hardware design information is loaded from 'C:/Zynq_Book/rtos_time_slice_schedule/rtos_time_slice_schedule.sdk/first_zynq_system_wrapper_hw_platform_0/system.hdf'.
04:19:11 INFO  : 'configparams force-mem-access 1' command is executed.
04:19:11 INFO  : Context for 'APU' is selected.
04:19:11 INFO  : 'stop' command is executed.
04:19:13 INFO  : 'ps7_init' command is executed.
04:19:13 INFO  : 'ps7_post_config' command is executed.
04:19:13 INFO  : Context for processor 'ps7_cortexa9_0' is selected.
04:19:13 INFO  : Processor reset is completed for 'ps7_cortexa9_0'.
04:19:13 INFO  : Context for processor 'ps7_cortexa9_0' is selected.
04:19:14 INFO  : The application 'C:/Zynq_Book/rtos_time_slice_schedule/rtos_time_slice_schedule.sdk/time_slice_schedule/Debug/time_slice_schedule.elf' is downloaded to processor 'ps7_cortexa9_0'.
04:19:14 INFO  : 'configparams force-mem-access 0' command is executed.
04:19:14 INFO  : ----------------XSDB Script----------------
connect -url tcp:127.0.0.1:3121
source C:/Zynq_Book/rtos_time_slice_schedule/rtos_time_slice_schedule.sdk/first_zynq_system_wrapper_hw_platform_0/ps7_init.tcl
targets -set -nocase -filter {name =~"APU*" && jtag_cable_name =~ "Digilent Zybo 210279759083A"} -index 0
loadhw -hw C:/Zynq_Book/rtos_time_slice_schedule/rtos_time_slice_schedule.sdk/first_zynq_system_wrapper_hw_platform_0/system.hdf -mem-ranges [list {0x40000000 0xbfffffff}]
configparams force-mem-access 1
targets -set -nocase -filter {name =~"APU*" && jtag_cable_name =~ "Digilent Zybo 210279759083A"} -index 0
stop
ps7_init
ps7_post_config
targets -set -nocase -filter {name =~ "ARM*#0" && jtag_cable_name =~ "Digilent Zybo 210279759083A"} -index 0
rst -processor
targets -set -nocase -filter {name =~ "ARM*#0" && jtag_cable_name =~ "Digilent Zybo 210279759083A"} -index 0
dow C:/Zynq_Book/rtos_time_slice_schedule/rtos_time_slice_schedule.sdk/time_slice_schedule/Debug/time_slice_schedule.elf
configparams force-mem-access 0
----------------End of Script----------------

04:19:14 INFO  : Memory regions updated for context APU
04:19:14 INFO  : Context for processor 'ps7_cortexa9_0' is selected.
04:19:14 INFO  : 'con' command is executed.
04:19:14 INFO  : ----------------XSDB Script (After Launch)----------------
targets -set -nocase -filter {name =~ "ARM*#0" && jtag_cable_name =~ "Digilent Zybo 210279759083A"} -index 0
con
----------------End of Script----------------

04:19:14 INFO  : Launch script is exported to file 'C:\Zynq_Book\rtos_time_slice_schedule\rtos_time_slice_schedule.sdk\.sdk\launch_scripts\xilinx_c-c++_application_(system_debugger)\system_debugger_using_debug_time_slice_schedule.elf_on_local.tcl'
04:23:05 INFO  : Connected to target on host '127.0.0.1' and port '3121'.
04:23:05 INFO  : 'targets -set -filter {jtag_cable_name =~ "Digilent Zybo 210279759083A" && level==0} -index 1' command is executed.
04:23:06 INFO  : FPGA configured successfully with bitstream "C:/Zynq_Book/rtos_time_slice_schedule/rtos_time_slice_schedule.sdk/first_zynq_system_wrapper_hw_platform_0/first_zynq_system_wrapper.bit"
04:23:12 INFO  : Disconnected from the channel tcfchan#8.
04:23:13 INFO  : 'targets -set -filter {jtag_cable_name =~ "Digilent Zybo 210279759083A" && level==0} -index 1' command is executed.
04:23:13 INFO  : 'fpga -state' command is executed.
04:23:13 INFO  : Connected to target on host '127.0.0.1' and port '3121'.
04:23:13 INFO  : Jtag cable 'Digilent Zybo 210279759083A' is selected.
04:23:13 INFO  : 'jtag frequency' command is executed.
04:23:13 INFO  : Sourcing of 'C:/Zynq_Book/rtos_time_slice_schedule/rtos_time_slice_schedule.sdk/first_zynq_system_wrapper_hw_platform_0/ps7_init.tcl' is done.
04:23:13 INFO  : Context for 'APU' is selected.
04:23:13 INFO  : Hardware design information is loaded from 'C:/Zynq_Book/rtos_time_slice_schedule/rtos_time_slice_schedule.sdk/first_zynq_system_wrapper_hw_platform_0/system.hdf'.
04:23:13 INFO  : 'configparams force-mem-access 1' command is executed.
04:23:13 INFO  : Context for 'APU' is selected.
04:23:14 INFO  : 'stop' command is executed.
04:23:15 INFO  : 'ps7_init' command is executed.
04:23:15 INFO  : 'ps7_post_config' command is executed.
04:23:15 INFO  : Context for processor 'ps7_cortexa9_0' is selected.
04:23:15 INFO  : Processor reset is completed for 'ps7_cortexa9_0'.
04:23:15 INFO  : Context for processor 'ps7_cortexa9_0' is selected.
04:23:16 INFO  : The application 'C:/Zynq_Book/rtos_time_slice_schedule/rtos_time_slice_schedule.sdk/time_slice_schedule/Debug/time_slice_schedule.elf' is downloaded to processor 'ps7_cortexa9_0'.
04:23:16 INFO  : 'configparams force-mem-access 0' command is executed.
04:23:16 INFO  : ----------------XSDB Script----------------
connect -url tcp:127.0.0.1:3121
source C:/Zynq_Book/rtos_time_slice_schedule/rtos_time_slice_schedule.sdk/first_zynq_system_wrapper_hw_platform_0/ps7_init.tcl
targets -set -nocase -filter {name =~"APU*" && jtag_cable_name =~ "Digilent Zybo 210279759083A"} -index 0
loadhw -hw C:/Zynq_Book/rtos_time_slice_schedule/rtos_time_slice_schedule.sdk/first_zynq_system_wrapper_hw_platform_0/system.hdf -mem-ranges [list {0x40000000 0xbfffffff}]
configparams force-mem-access 1
targets -set -nocase -filter {name =~"APU*" && jtag_cable_name =~ "Digilent Zybo 210279759083A"} -index 0
stop
ps7_init
ps7_post_config
targets -set -nocase -filter {name =~ "ARM*#0" && jtag_cable_name =~ "Digilent Zybo 210279759083A"} -index 0
rst -processor
targets -set -nocase -filter {name =~ "ARM*#0" && jtag_cable_name =~ "Digilent Zybo 210279759083A"} -index 0
dow C:/Zynq_Book/rtos_time_slice_schedule/rtos_time_slice_schedule.sdk/time_slice_schedule/Debug/time_slice_schedule.elf
configparams force-mem-access 0
----------------End of Script----------------

04:23:16 INFO  : Memory regions updated for context APU
04:23:16 INFO  : Context for processor 'ps7_cortexa9_0' is selected.
04:23:16 INFO  : 'con' command is executed.
04:23:16 INFO  : ----------------XSDB Script (After Launch)----------------
targets -set -nocase -filter {name =~ "ARM*#0" && jtag_cable_name =~ "Digilent Zybo 210279759083A"} -index 0
con
----------------End of Script----------------

04:23:16 INFO  : Launch script is exported to file 'C:\Zynq_Book\rtos_time_slice_schedule\rtos_time_slice_schedule.sdk\.sdk\launch_scripts\xilinx_c-c++_application_(system_debugger)\system_debugger_using_debug_time_slice_schedule.elf_on_local.tcl'
04:24:15 INFO  : Disconnected from the channel tcfchan#9.
04:24:16 INFO  : 'targets -set -filter {jtag_cable_name =~ "Digilent Zybo 210279759083A" && level==0} -index 1' command is executed.
04:24:16 INFO  : 'fpga -state' command is executed.
04:24:16 INFO  : Connected to target on host '127.0.0.1' and port '3121'.
04:24:17 INFO  : Jtag cable 'Digilent Zybo 210279759083A' is selected.
04:24:17 INFO  : 'jtag frequency' command is executed.
04:24:17 INFO  : Sourcing of 'C:/Zynq_Book/rtos_time_slice_schedule/rtos_time_slice_schedule.sdk/first_zynq_system_wrapper_hw_platform_0/ps7_init.tcl' is done.
04:24:17 INFO  : Context for 'APU' is selected.
04:24:17 INFO  : Hardware design information is loaded from 'C:/Zynq_Book/rtos_time_slice_schedule/rtos_time_slice_schedule.sdk/first_zynq_system_wrapper_hw_platform_0/system.hdf'.
04:24:17 INFO  : 'configparams force-mem-access 1' command is executed.
04:24:17 INFO  : Context for 'APU' is selected.
04:24:17 INFO  : 'stop' command is executed.
04:24:18 INFO  : 'ps7_init' command is executed.
04:24:19 INFO  : 'ps7_post_config' command is executed.
04:24:19 INFO  : Context for processor 'ps7_cortexa9_0' is selected.
04:24:19 INFO  : Processor reset is completed for 'ps7_cortexa9_0'.
04:24:19 INFO  : Context for processor 'ps7_cortexa9_0' is selected.
04:24:19 INFO  : The application 'C:/Zynq_Book/rtos_time_slice_schedule/rtos_time_slice_schedule.sdk/time_slice_schedule/Debug/time_slice_schedule.elf' is downloaded to processor 'ps7_cortexa9_0'.
04:24:19 INFO  : 'configparams force-mem-access 0' command is executed.
04:24:19 INFO  : ----------------XSDB Script----------------
connect -url tcp:127.0.0.1:3121
source C:/Zynq_Book/rtos_time_slice_schedule/rtos_time_slice_schedule.sdk/first_zynq_system_wrapper_hw_platform_0/ps7_init.tcl
targets -set -nocase -filter {name =~"APU*" && jtag_cable_name =~ "Digilent Zybo 210279759083A"} -index 0
loadhw -hw C:/Zynq_Book/rtos_time_slice_schedule/rtos_time_slice_schedule.sdk/first_zynq_system_wrapper_hw_platform_0/system.hdf -mem-ranges [list {0x40000000 0xbfffffff}]
configparams force-mem-access 1
targets -set -nocase -filter {name =~"APU*" && jtag_cable_name =~ "Digilent Zybo 210279759083A"} -index 0
stop
ps7_init
ps7_post_config
targets -set -nocase -filter {name =~ "ARM*#0" && jtag_cable_name =~ "Digilent Zybo 210279759083A"} -index 0
rst -processor
targets -set -nocase -filter {name =~ "ARM*#0" && jtag_cable_name =~ "Digilent Zybo 210279759083A"} -index 0
dow C:/Zynq_Book/rtos_time_slice_schedule/rtos_time_slice_schedule.sdk/time_slice_schedule/Debug/time_slice_schedule.elf
configparams force-mem-access 0
----------------End of Script----------------

04:24:19 INFO  : Memory regions updated for context APU
04:24:19 INFO  : Context for processor 'ps7_cortexa9_0' is selected.
04:24:20 INFO  : 'con' command is executed.
04:24:20 INFO  : ----------------XSDB Script (After Launch)----------------
targets -set -nocase -filter {name =~ "ARM*#0" && jtag_cable_name =~ "Digilent Zybo 210279759083A"} -index 0
con
----------------End of Script----------------

04:24:20 INFO  : Launch script is exported to file 'C:\Zynq_Book\rtos_time_slice_schedule\rtos_time_slice_schedule.sdk\.sdk\launch_scripts\xilinx_c-c++_application_(system_debugger)\system_debugger_using_debug_time_slice_schedule.elf_on_local.tcl'
04:42:26 INFO  : Connected to target on host '127.0.0.1' and port '3121'.
04:42:26 INFO  : 'targets -set -filter {jtag_cable_name =~ "Digilent Zybo 210279759083A" && level==0} -index 1' command is executed.
04:42:28 INFO  : FPGA configured successfully with bitstream "C:/Zynq_Book/rtos_time_slice_schedule/rtos_time_slice_schedule.sdk/first_zynq_system_wrapper_hw_platform_0/first_zynq_system_wrapper.bit"
04:42:33 INFO  : Disconnected from the channel tcfchan#10.
04:42:34 INFO  : 'targets -set -filter {jtag_cable_name =~ "Digilent Zybo 210279759083A" && level==0} -index 1' command is executed.
04:42:34 INFO  : 'fpga -state' command is executed.
04:42:34 INFO  : Connected to target on host '127.0.0.1' and port '3121'.
04:42:35 INFO  : Jtag cable 'Digilent Zybo 210279759083A' is selected.
04:42:35 INFO  : 'jtag frequency' command is executed.
04:42:35 INFO  : Sourcing of 'C:/Zynq_Book/rtos_time_slice_schedule/rtos_time_slice_schedule.sdk/first_zynq_system_wrapper_hw_platform_0/ps7_init.tcl' is done.
04:42:35 INFO  : Context for 'APU' is selected.
04:42:35 INFO  : Hardware design information is loaded from 'C:/Zynq_Book/rtos_time_slice_schedule/rtos_time_slice_schedule.sdk/first_zynq_system_wrapper_hw_platform_0/system.hdf'.
04:42:35 INFO  : 'configparams force-mem-access 1' command is executed.
04:42:35 INFO  : Context for 'APU' is selected.
04:42:35 INFO  : 'stop' command is executed.
04:42:36 INFO  : 'ps7_init' command is executed.
04:42:36 INFO  : 'ps7_post_config' command is executed.
04:42:36 INFO  : Context for processor 'ps7_cortexa9_0' is selected.
04:42:36 INFO  : Processor reset is completed for 'ps7_cortexa9_0'.
04:42:36 INFO  : Context for processor 'ps7_cortexa9_0' is selected.
04:42:36 INFO  : The application 'C:/Zynq_Book/rtos_time_slice_schedule/rtos_time_slice_schedule.sdk/time_slice_schedule/Debug/time_slice_schedule.elf' is downloaded to processor 'ps7_cortexa9_0'.
04:42:36 INFO  : 'configparams force-mem-access 0' command is executed.
04:42:36 INFO  : ----------------XSDB Script----------------
connect -url tcp:127.0.0.1:3121
source C:/Zynq_Book/rtos_time_slice_schedule/rtos_time_slice_schedule.sdk/first_zynq_system_wrapper_hw_platform_0/ps7_init.tcl
targets -set -nocase -filter {name =~"APU*" && jtag_cable_name =~ "Digilent Zybo 210279759083A"} -index 0
loadhw -hw C:/Zynq_Book/rtos_time_slice_schedule/rtos_time_slice_schedule.sdk/first_zynq_system_wrapper_hw_platform_0/system.hdf -mem-ranges [list {0x40000000 0xbfffffff}]
configparams force-mem-access 1
targets -set -nocase -filter {name =~"APU*" && jtag_cable_name =~ "Digilent Zybo 210279759083A"} -index 0
stop
ps7_init
ps7_post_config
targets -set -nocase -filter {name =~ "ARM*#0" && jtag_cable_name =~ "Digilent Zybo 210279759083A"} -index 0
rst -processor
targets -set -nocase -filter {name =~ "ARM*#0" && jtag_cable_name =~ "Digilent Zybo 210279759083A"} -index 0
dow C:/Zynq_Book/rtos_time_slice_schedule/rtos_time_slice_schedule.sdk/time_slice_schedule/Debug/time_slice_schedule.elf
configparams force-mem-access 0
----------------End of Script----------------

04:42:37 INFO  : Memory regions updated for context APU
04:42:37 INFO  : Context for processor 'ps7_cortexa9_0' is selected.
04:42:37 INFO  : 'con' command is executed.
04:42:37 INFO  : ----------------XSDB Script (After Launch)----------------
targets -set -nocase -filter {name =~ "ARM*#0" && jtag_cable_name =~ "Digilent Zybo 210279759083A"} -index 0
con
----------------End of Script----------------

04:42:37 INFO  : Launch script is exported to file 'C:\Zynq_Book\rtos_time_slice_schedule\rtos_time_slice_schedule.sdk\.sdk\launch_scripts\xilinx_c-c++_application_(system_debugger)\system_debugger_using_debug_time_slice_schedule.elf_on_local.tcl'
04:47:22 INFO  : Connected to target on host '127.0.0.1' and port '3121'.
04:47:22 INFO  : 'targets -set -filter {jtag_cable_name =~ "Digilent Zybo 210279759083A" && level==0} -index 1' command is executed.
04:47:24 INFO  : FPGA configured successfully with bitstream "C:/Zynq_Book/rtos_time_slice_schedule/rtos_time_slice_schedule.sdk/first_zynq_system_wrapper_hw_platform_0/first_zynq_system_wrapper.bit"
04:47:27 INFO  : Disconnected from the channel tcfchan#11.
04:47:28 INFO  : 'targets -set -filter {jtag_cable_name =~ "Digilent Zybo 210279759083A" && level==0} -index 1' command is executed.
04:47:29 INFO  : 'fpga -state' command is executed.
04:47:29 INFO  : Connected to target on host '127.0.0.1' and port '3121'.
04:47:29 INFO  : Jtag cable 'Digilent Zybo 210279759083A' is selected.
04:47:29 INFO  : 'jtag frequency' command is executed.
04:47:29 INFO  : Sourcing of 'C:/Zynq_Book/rtos_time_slice_schedule/rtos_time_slice_schedule.sdk/first_zynq_system_wrapper_hw_platform_0/ps7_init.tcl' is done.
04:47:29 INFO  : Context for 'APU' is selected.
04:47:29 INFO  : Hardware design information is loaded from 'C:/Zynq_Book/rtos_time_slice_schedule/rtos_time_slice_schedule.sdk/first_zynq_system_wrapper_hw_platform_0/system.hdf'.
04:47:29 INFO  : 'configparams force-mem-access 1' command is executed.
04:47:29 INFO  : Context for 'APU' is selected.
04:47:29 INFO  : 'stop' command is executed.
04:47:31 INFO  : 'ps7_init' command is executed.
04:47:31 INFO  : 'ps7_post_config' command is executed.
04:47:31 INFO  : Context for processor 'ps7_cortexa9_0' is selected.
04:47:31 INFO  : Processor reset is completed for 'ps7_cortexa9_0'.
04:47:31 INFO  : Context for processor 'ps7_cortexa9_0' is selected.
04:47:31 INFO  : The application 'C:/Zynq_Book/rtos_time_slice_schedule/rtos_time_slice_schedule.sdk/time_slice_schedule/Debug/time_slice_schedule.elf' is downloaded to processor 'ps7_cortexa9_0'.
04:47:31 INFO  : 'configparams force-mem-access 0' command is executed.
04:47:31 INFO  : ----------------XSDB Script----------------
connect -url tcp:127.0.0.1:3121
source C:/Zynq_Book/rtos_time_slice_schedule/rtos_time_slice_schedule.sdk/first_zynq_system_wrapper_hw_platform_0/ps7_init.tcl
targets -set -nocase -filter {name =~"APU*" && jtag_cable_name =~ "Digilent Zybo 210279759083A"} -index 0
loadhw -hw C:/Zynq_Book/rtos_time_slice_schedule/rtos_time_slice_schedule.sdk/first_zynq_system_wrapper_hw_platform_0/system.hdf -mem-ranges [list {0x40000000 0xbfffffff}]
configparams force-mem-access 1
targets -set -nocase -filter {name =~"APU*" && jtag_cable_name =~ "Digilent Zybo 210279759083A"} -index 0
stop
ps7_init
ps7_post_config
targets -set -nocase -filter {name =~ "ARM*#0" && jtag_cable_name =~ "Digilent Zybo 210279759083A"} -index 0
rst -processor
targets -set -nocase -filter {name =~ "ARM*#0" && jtag_cable_name =~ "Digilent Zybo 210279759083A"} -index 0
dow C:/Zynq_Book/rtos_time_slice_schedule/rtos_time_slice_schedule.sdk/time_slice_schedule/Debug/time_slice_schedule.elf
configparams force-mem-access 0
----------------End of Script----------------

04:47:31 INFO  : Memory regions updated for context APU
04:47:32 INFO  : Context for processor 'ps7_cortexa9_0' is selected.
04:47:32 INFO  : 'con' command is executed.
04:47:32 INFO  : ----------------XSDB Script (After Launch)----------------
targets -set -nocase -filter {name =~ "ARM*#0" && jtag_cable_name =~ "Digilent Zybo 210279759083A"} -index 0
con
----------------End of Script----------------

04:47:32 INFO  : Launch script is exported to file 'C:\Zynq_Book\rtos_time_slice_schedule\rtos_time_slice_schedule.sdk\.sdk\launch_scripts\xilinx_c-c++_application_(system_debugger)\system_debugger_using_debug_time_slice_schedule.elf_on_local.tcl'
04:50:42 INFO  : Connected to target on host '127.0.0.1' and port '3121'.
04:50:42 INFO  : 'targets -set -filter {jtag_cable_name =~ "Digilent Zybo 210279759083A" && level==0} -index 1' command is executed.
04:50:43 INFO  : FPGA configured successfully with bitstream "C:/Zynq_Book/rtos_time_slice_schedule/rtos_time_slice_schedule.sdk/first_zynq_system_wrapper_hw_platform_0/first_zynq_system_wrapper.bit"
04:50:48 INFO  : Disconnected from the channel tcfchan#12.
04:50:49 INFO  : 'targets -set -filter {jtag_cable_name =~ "Digilent Zybo 210279759083A" && level==0} -index 1' command is executed.
04:50:49 INFO  : 'fpga -state' command is executed.
04:50:49 INFO  : Connected to target on host '127.0.0.1' and port '3121'.
04:50:50 INFO  : Jtag cable 'Digilent Zybo 210279759083A' is selected.
04:50:50 INFO  : 'jtag frequency' command is executed.
04:50:50 INFO  : Sourcing of 'C:/Zynq_Book/rtos_time_slice_schedule/rtos_time_slice_schedule.sdk/first_zynq_system_wrapper_hw_platform_0/ps7_init.tcl' is done.
04:50:50 INFO  : Context for 'APU' is selected.
04:50:50 INFO  : Hardware design information is loaded from 'C:/Zynq_Book/rtos_time_slice_schedule/rtos_time_slice_schedule.sdk/first_zynq_system_wrapper_hw_platform_0/system.hdf'.
04:50:50 INFO  : 'configparams force-mem-access 1' command is executed.
04:50:50 INFO  : Context for 'APU' is selected.
04:50:50 INFO  : 'stop' command is executed.
04:50:51 INFO  : 'ps7_init' command is executed.
04:50:51 INFO  : 'ps7_post_config' command is executed.
04:50:51 INFO  : Context for processor 'ps7_cortexa9_0' is selected.
04:50:51 INFO  : Processor reset is completed for 'ps7_cortexa9_0'.
04:50:51 INFO  : Context for processor 'ps7_cortexa9_0' is selected.
04:50:52 INFO  : The application 'C:/Zynq_Book/rtos_time_slice_schedule/rtos_time_slice_schedule.sdk/time_slice_schedule/Debug/time_slice_schedule.elf' is downloaded to processor 'ps7_cortexa9_0'.
04:50:52 INFO  : 'configparams force-mem-access 0' command is executed.
04:50:52 INFO  : ----------------XSDB Script----------------
connect -url tcp:127.0.0.1:3121
source C:/Zynq_Book/rtos_time_slice_schedule/rtos_time_slice_schedule.sdk/first_zynq_system_wrapper_hw_platform_0/ps7_init.tcl
targets -set -nocase -filter {name =~"APU*" && jtag_cable_name =~ "Digilent Zybo 210279759083A"} -index 0
loadhw -hw C:/Zynq_Book/rtos_time_slice_schedule/rtos_time_slice_schedule.sdk/first_zynq_system_wrapper_hw_platform_0/system.hdf -mem-ranges [list {0x40000000 0xbfffffff}]
configparams force-mem-access 1
targets -set -nocase -filter {name =~"APU*" && jtag_cable_name =~ "Digilent Zybo 210279759083A"} -index 0
stop
ps7_init
ps7_post_config
targets -set -nocase -filter {name =~ "ARM*#0" && jtag_cable_name =~ "Digilent Zybo 210279759083A"} -index 0
rst -processor
targets -set -nocase -filter {name =~ "ARM*#0" && jtag_cable_name =~ "Digilent Zybo 210279759083A"} -index 0
dow C:/Zynq_Book/rtos_time_slice_schedule/rtos_time_slice_schedule.sdk/time_slice_schedule/Debug/time_slice_schedule.elf
configparams force-mem-access 0
----------------End of Script----------------

04:50:52 INFO  : Memory regions updated for context APU
04:50:52 INFO  : Context for processor 'ps7_cortexa9_0' is selected.
04:50:52 INFO  : 'con' command is executed.
04:50:52 INFO  : ----------------XSDB Script (After Launch)----------------
targets -set -nocase -filter {name =~ "ARM*#0" && jtag_cable_name =~ "Digilent Zybo 210279759083A"} -index 0
con
----------------End of Script----------------

04:50:52 INFO  : Launch script is exported to file 'C:\Zynq_Book\rtos_time_slice_schedule\rtos_time_slice_schedule.sdk\.sdk\launch_scripts\xilinx_c-c++_application_(system_debugger)\system_debugger_using_debug_time_slice_schedule.elf_on_local.tcl'
04:54:46 INFO  : Connected to target on host '127.0.0.1' and port '3121'.
04:54:47 INFO  : 'targets -set -filter {jtag_cable_name =~ "Digilent Zybo 210279759083A" && level==0} -index 1' command is executed.
04:54:48 INFO  : FPGA configured successfully with bitstream "C:/Zynq_Book/rtos_time_slice_schedule/rtos_time_slice_schedule.sdk/first_zynq_system_wrapper_hw_platform_0/first_zynq_system_wrapper.bit"
04:54:54 INFO  : Disconnected from the channel tcfchan#13.
04:54:55 INFO  : 'targets -set -filter {jtag_cable_name =~ "Digilent Zybo 210279759083A" && level==0} -index 1' command is executed.
04:54:55 INFO  : 'fpga -state' command is executed.
04:54:55 INFO  : Connected to target on host '127.0.0.1' and port '3121'.
04:54:55 INFO  : Jtag cable 'Digilent Zybo 210279759083A' is selected.
04:54:55 INFO  : 'jtag frequency' command is executed.
04:54:55 INFO  : Sourcing of 'C:/Zynq_Book/rtos_time_slice_schedule/rtos_time_slice_schedule.sdk/first_zynq_system_wrapper_hw_platform_0/ps7_init.tcl' is done.
04:54:55 INFO  : Context for 'APU' is selected.
04:54:55 INFO  : Hardware design information is loaded from 'C:/Zynq_Book/rtos_time_slice_schedule/rtos_time_slice_schedule.sdk/first_zynq_system_wrapper_hw_platform_0/system.hdf'.
04:54:55 INFO  : 'configparams force-mem-access 1' command is executed.
04:54:55 INFO  : Context for 'APU' is selected.
04:54:55 INFO  : 'stop' command is executed.
04:54:56 INFO  : 'ps7_init' command is executed.
04:54:57 INFO  : 'ps7_post_config' command is executed.
04:54:57 INFO  : Context for processor 'ps7_cortexa9_0' is selected.
04:54:57 INFO  : Processor reset is completed for 'ps7_cortexa9_0'.
04:54:57 INFO  : Context for processor 'ps7_cortexa9_0' is selected.
04:54:57 INFO  : The application 'C:/Zynq_Book/rtos_time_slice_schedule/rtos_time_slice_schedule.sdk/time_slice_schedule/Debug/time_slice_schedule.elf' is downloaded to processor 'ps7_cortexa9_0'.
04:54:57 INFO  : 'configparams force-mem-access 0' command is executed.
04:54:57 INFO  : ----------------XSDB Script----------------
connect -url tcp:127.0.0.1:3121
source C:/Zynq_Book/rtos_time_slice_schedule/rtos_time_slice_schedule.sdk/first_zynq_system_wrapper_hw_platform_0/ps7_init.tcl
targets -set -nocase -filter {name =~"APU*" && jtag_cable_name =~ "Digilent Zybo 210279759083A"} -index 0
loadhw -hw C:/Zynq_Book/rtos_time_slice_schedule/rtos_time_slice_schedule.sdk/first_zynq_system_wrapper_hw_platform_0/system.hdf -mem-ranges [list {0x40000000 0xbfffffff}]
configparams force-mem-access 1
targets -set -nocase -filter {name =~"APU*" && jtag_cable_name =~ "Digilent Zybo 210279759083A"} -index 0
stop
ps7_init
ps7_post_config
targets -set -nocase -filter {name =~ "ARM*#0" && jtag_cable_name =~ "Digilent Zybo 210279759083A"} -index 0
rst -processor
targets -set -nocase -filter {name =~ "ARM*#0" && jtag_cable_name =~ "Digilent Zybo 210279759083A"} -index 0
dow C:/Zynq_Book/rtos_time_slice_schedule/rtos_time_slice_schedule.sdk/time_slice_schedule/Debug/time_slice_schedule.elf
configparams force-mem-access 0
----------------End of Script----------------

04:54:57 INFO  : Memory regions updated for context APU
04:54:57 INFO  : Context for processor 'ps7_cortexa9_0' is selected.
04:54:57 INFO  : 'con' command is executed.
04:54:57 INFO  : ----------------XSDB Script (After Launch)----------------
targets -set -nocase -filter {name =~ "ARM*#0" && jtag_cable_name =~ "Digilent Zybo 210279759083A"} -index 0
con
----------------End of Script----------------

04:54:57 INFO  : Launch script is exported to file 'C:\Zynq_Book\rtos_time_slice_schedule\rtos_time_slice_schedule.sdk\.sdk\launch_scripts\xilinx_c-c++_application_(system_debugger)\system_debugger_using_debug_time_slice_schedule.elf_on_local.tcl'
04:55:18 INFO  : Connected to target on host '127.0.0.1' and port '3121'.
04:55:18 INFO  : 'targets -set -filter {jtag_cable_name =~ "Digilent Zybo 210279759083A" && level==0} -index 1' command is executed.
04:55:19 INFO  : FPGA configured successfully with bitstream "C:/Zynq_Book/rtos_time_slice_schedule/rtos_time_slice_schedule.sdk/first_zynq_system_wrapper_hw_platform_0/first_zynq_system_wrapper.bit"
04:55:24 INFO  : Disconnected from the channel tcfchan#14.
04:55:25 INFO  : 'targets -set -filter {jtag_cable_name =~ "Digilent Zybo 210279759083A" && level==0} -index 1' command is executed.
04:55:25 INFO  : 'fpga -state' command is executed.
04:55:25 INFO  : Connected to target on host '127.0.0.1' and port '3121'.
04:55:26 INFO  : Jtag cable 'Digilent Zybo 210279759083A' is selected.
04:55:26 INFO  : 'jtag frequency' command is executed.
04:55:26 INFO  : Sourcing of 'C:/Zynq_Book/rtos_time_slice_schedule/rtos_time_slice_schedule.sdk/first_zynq_system_wrapper_hw_platform_0/ps7_init.tcl' is done.
04:55:26 INFO  : Context for 'APU' is selected.
04:55:26 INFO  : Hardware design information is loaded from 'C:/Zynq_Book/rtos_time_slice_schedule/rtos_time_slice_schedule.sdk/first_zynq_system_wrapper_hw_platform_0/system.hdf'.
04:55:26 INFO  : 'configparams force-mem-access 1' command is executed.
04:55:26 INFO  : Context for 'APU' is selected.
04:55:26 INFO  : 'stop' command is executed.
04:55:27 INFO  : 'ps7_init' command is executed.
04:55:27 INFO  : 'ps7_post_config' command is executed.
04:55:28 INFO  : Context for processor 'ps7_cortexa9_0' is selected.
04:55:28 INFO  : Processor reset is completed for 'ps7_cortexa9_0'.
04:55:28 INFO  : Context for processor 'ps7_cortexa9_0' is selected.
04:55:28 INFO  : The application 'C:/Zynq_Book/rtos_time_slice_schedule/rtos_time_slice_schedule.sdk/time_slice_schedule/Debug/time_slice_schedule.elf' is downloaded to processor 'ps7_cortexa9_0'.
04:55:28 INFO  : 'configparams force-mem-access 0' command is executed.
04:55:28 INFO  : ----------------XSDB Script----------------
connect -url tcp:127.0.0.1:3121
source C:/Zynq_Book/rtos_time_slice_schedule/rtos_time_slice_schedule.sdk/first_zynq_system_wrapper_hw_platform_0/ps7_init.tcl
targets -set -nocase -filter {name =~"APU*" && jtag_cable_name =~ "Digilent Zybo 210279759083A"} -index 0
loadhw -hw C:/Zynq_Book/rtos_time_slice_schedule/rtos_time_slice_schedule.sdk/first_zynq_system_wrapper_hw_platform_0/system.hdf -mem-ranges [list {0x40000000 0xbfffffff}]
configparams force-mem-access 1
targets -set -nocase -filter {name =~"APU*" && jtag_cable_name =~ "Digilent Zybo 210279759083A"} -index 0
stop
ps7_init
ps7_post_config
targets -set -nocase -filter {name =~ "ARM*#0" && jtag_cable_name =~ "Digilent Zybo 210279759083A"} -index 0
rst -processor
targets -set -nocase -filter {name =~ "ARM*#0" && jtag_cable_name =~ "Digilent Zybo 210279759083A"} -index 0
dow C:/Zynq_Book/rtos_time_slice_schedule/rtos_time_slice_schedule.sdk/time_slice_schedule/Debug/time_slice_schedule.elf
configparams force-mem-access 0
----------------End of Script----------------

04:55:28 INFO  : Memory regions updated for context APU
04:55:28 INFO  : Context for processor 'ps7_cortexa9_0' is selected.
04:55:28 INFO  : 'con' command is executed.
04:55:28 INFO  : ----------------XSDB Script (After Launch)----------------
targets -set -nocase -filter {name =~ "ARM*#0" && jtag_cable_name =~ "Digilent Zybo 210279759083A"} -index 0
con
----------------End of Script----------------

04:55:28 INFO  : Launch script is exported to file 'C:\Zynq_Book\rtos_time_slice_schedule\rtos_time_slice_schedule.sdk\.sdk\launch_scripts\xilinx_c-c++_application_(system_debugger)\system_debugger_using_debug_time_slice_schedule.elf_on_local.tcl'
04:58:02 INFO  : Connected to target on host '127.0.0.1' and port '3121'.
04:58:02 INFO  : 'targets -set -filter {jtag_cable_name =~ "Digilent Zybo 210279759083A" && level==0} -index 1' command is executed.
04:58:04 INFO  : FPGA configured successfully with bitstream "C:/Zynq_Book/rtos_time_slice_schedule/rtos_time_slice_schedule.sdk/first_zynq_system_wrapper_hw_platform_0/first_zynq_system_wrapper.bit"
04:58:10 INFO  : Disconnected from the channel tcfchan#15.
04:58:12 INFO  : 'targets -set -filter {jtag_cable_name =~ "Digilent Zybo 210279759083A" && level==0} -index 1' command is executed.
04:58:12 INFO  : 'fpga -state' command is executed.
04:58:12 INFO  : Connected to target on host '127.0.0.1' and port '3121'.
04:58:12 INFO  : Jtag cable 'Digilent Zybo 210279759083A' is selected.
04:58:12 INFO  : 'jtag frequency' command is executed.
04:58:12 INFO  : Sourcing of 'C:/Zynq_Book/rtos_time_slice_schedule/rtos_time_slice_schedule.sdk/first_zynq_system_wrapper_hw_platform_0/ps7_init.tcl' is done.
04:58:12 INFO  : Context for 'APU' is selected.
04:58:12 INFO  : Hardware design information is loaded from 'C:/Zynq_Book/rtos_time_slice_schedule/rtos_time_slice_schedule.sdk/first_zynq_system_wrapper_hw_platform_0/system.hdf'.
04:58:12 INFO  : 'configparams force-mem-access 1' command is executed.
04:58:12 INFO  : Context for 'APU' is selected.
04:58:12 INFO  : 'stop' command is executed.
04:58:14 INFO  : 'ps7_init' command is executed.
04:58:14 INFO  : 'ps7_post_config' command is executed.
04:58:14 INFO  : Context for processor 'ps7_cortexa9_0' is selected.
04:58:14 INFO  : Processor reset is completed for 'ps7_cortexa9_0'.
04:58:14 INFO  : Context for processor 'ps7_cortexa9_0' is selected.
04:58:14 INFO  : The application 'C:/Zynq_Book/rtos_time_slice_schedule/rtos_time_slice_schedule.sdk/time_slice_schedule/Debug/time_slice_schedule.elf' is downloaded to processor 'ps7_cortexa9_0'.
04:58:14 INFO  : 'configparams force-mem-access 0' command is executed.
04:58:14 INFO  : ----------------XSDB Script----------------
connect -url tcp:127.0.0.1:3121
source C:/Zynq_Book/rtos_time_slice_schedule/rtos_time_slice_schedule.sdk/first_zynq_system_wrapper_hw_platform_0/ps7_init.tcl
targets -set -nocase -filter {name =~"APU*" && jtag_cable_name =~ "Digilent Zybo 210279759083A"} -index 0
loadhw -hw C:/Zynq_Book/rtos_time_slice_schedule/rtos_time_slice_schedule.sdk/first_zynq_system_wrapper_hw_platform_0/system.hdf -mem-ranges [list {0x40000000 0xbfffffff}]
configparams force-mem-access 1
targets -set -nocase -filter {name =~"APU*" && jtag_cable_name =~ "Digilent Zybo 210279759083A"} -index 0
stop
ps7_init
ps7_post_config
targets -set -nocase -filter {name =~ "ARM*#0" && jtag_cable_name =~ "Digilent Zybo 210279759083A"} -index 0
rst -processor
targets -set -nocase -filter {name =~ "ARM*#0" && jtag_cable_name =~ "Digilent Zybo 210279759083A"} -index 0
dow C:/Zynq_Book/rtos_time_slice_schedule/rtos_time_slice_schedule.sdk/time_slice_schedule/Debug/time_slice_schedule.elf
configparams force-mem-access 0
----------------End of Script----------------

04:58:14 INFO  : Memory regions updated for context APU
04:58:15 INFO  : Context for processor 'ps7_cortexa9_0' is selected.
04:58:15 INFO  : 'con' command is executed.
04:58:15 INFO  : ----------------XSDB Script (After Launch)----------------
targets -set -nocase -filter {name =~ "ARM*#0" && jtag_cable_name =~ "Digilent Zybo 210279759083A"} -index 0
con
----------------End of Script----------------

04:58:15 INFO  : Launch script is exported to file 'C:\Zynq_Book\rtos_time_slice_schedule\rtos_time_slice_schedule.sdk\.sdk\launch_scripts\xilinx_c-c++_application_(system_debugger)\system_debugger_using_debug_time_slice_schedule.elf_on_local.tcl'
05:06:30 INFO  : Disconnected from the channel tcfchan#16.
05:06:32 INFO  : 'targets -set -filter {jtag_cable_name =~ "Digilent Zybo 210279759083A" && level==0} -index 1' command is executed.
05:06:32 INFO  : 'fpga -state' command is executed.
05:06:32 INFO  : Connected to target on host '127.0.0.1' and port '3121'.
05:06:32 INFO  : Jtag cable 'Digilent Zybo 210279759083A' is selected.
05:06:32 INFO  : 'jtag frequency' command is executed.
05:06:32 INFO  : Sourcing of 'C:/Zynq_Book/rtos_time_slice_schedule/rtos_time_slice_schedule.sdk/first_zynq_system_wrapper_hw_platform_0/ps7_init.tcl' is done.
05:06:32 INFO  : Context for 'APU' is selected.
05:06:32 INFO  : Hardware design information is loaded from 'C:/Zynq_Book/rtos_time_slice_schedule/rtos_time_slice_schedule.sdk/first_zynq_system_wrapper_hw_platform_0/system.hdf'.
05:06:32 INFO  : 'configparams force-mem-access 1' command is executed.
05:06:32 INFO  : Context for 'APU' is selected.
05:06:32 INFO  : 'stop' command is executed.
05:06:33 INFO  : 'ps7_init' command is executed.
05:06:33 INFO  : 'ps7_post_config' command is executed.
05:06:33 INFO  : Context for processor 'ps7_cortexa9_0' is selected.
05:06:33 INFO  : Processor reset is completed for 'ps7_cortexa9_0'.
05:06:34 INFO  : Context for processor 'ps7_cortexa9_0' is selected.
05:06:34 INFO  : The application 'C:/Zynq_Book/rtos_time_slice_schedule/rtos_time_slice_schedule.sdk/time_slice_schedule/Debug/time_slice_schedule.elf' is downloaded to processor 'ps7_cortexa9_0'.
05:06:34 INFO  : 'configparams force-mem-access 0' command is executed.
05:06:34 INFO  : ----------------XSDB Script----------------
connect -url tcp:127.0.0.1:3121
source C:/Zynq_Book/rtos_time_slice_schedule/rtos_time_slice_schedule.sdk/first_zynq_system_wrapper_hw_platform_0/ps7_init.tcl
targets -set -nocase -filter {name =~"APU*" && jtag_cable_name =~ "Digilent Zybo 210279759083A"} -index 0
loadhw -hw C:/Zynq_Book/rtos_time_slice_schedule/rtos_time_slice_schedule.sdk/first_zynq_system_wrapper_hw_platform_0/system.hdf -mem-ranges [list {0x40000000 0xbfffffff}]
configparams force-mem-access 1
targets -set -nocase -filter {name =~"APU*" && jtag_cable_name =~ "Digilent Zybo 210279759083A"} -index 0
stop
ps7_init
ps7_post_config
targets -set -nocase -filter {name =~ "ARM*#0" && jtag_cable_name =~ "Digilent Zybo 210279759083A"} -index 0
rst -processor
targets -set -nocase -filter {name =~ "ARM*#0" && jtag_cable_name =~ "Digilent Zybo 210279759083A"} -index 0
dow C:/Zynq_Book/rtos_time_slice_schedule/rtos_time_slice_schedule.sdk/time_slice_schedule/Debug/time_slice_schedule.elf
configparams force-mem-access 0
----------------End of Script----------------

05:06:34 INFO  : Memory regions updated for context APU
05:06:34 INFO  : Context for processor 'ps7_cortexa9_0' is selected.
05:06:34 INFO  : 'con' command is executed.
05:06:34 INFO  : ----------------XSDB Script (After Launch)----------------
targets -set -nocase -filter {name =~ "ARM*#0" && jtag_cable_name =~ "Digilent Zybo 210279759083A"} -index 0
con
----------------End of Script----------------

05:06:34 INFO  : Launch script is exported to file 'C:\Zynq_Book\rtos_time_slice_schedule\rtos_time_slice_schedule.sdk\.sdk\launch_scripts\xilinx_c-c++_application_(system_debugger)\system_debugger_using_debug_time_slice_schedule.elf_on_local.tcl'
05:07:39 INFO  : Connected to target on host '127.0.0.1' and port '3121'.
05:07:39 INFO  : 'targets -set -filter {jtag_cable_name =~ "Digilent Zybo 210279759083A" && level==0} -index 1' command is executed.
05:07:41 INFO  : FPGA configured successfully with bitstream "C:/Zynq_Book/rtos_time_slice_schedule/rtos_time_slice_schedule.sdk/first_zynq_system_wrapper_hw_platform_0/first_zynq_system_wrapper.bit"
05:07:56 INFO  : Disconnected from the channel tcfchan#17.
05:07:57 INFO  : 'targets -set -filter {jtag_cable_name =~ "Digilent Zybo 210279759083A" && level==0} -index 1' command is executed.
05:07:57 INFO  : 'fpga -state' command is executed.
05:07:57 INFO  : Connected to target on host '127.0.0.1' and port '3121'.
05:07:57 INFO  : Jtag cable 'Digilent Zybo 210279759083A' is selected.
05:07:57 INFO  : 'jtag frequency' command is executed.
05:07:57 INFO  : Sourcing of 'C:/Zynq_Book/rtos_time_slice_schedule/rtos_time_slice_schedule.sdk/first_zynq_system_wrapper_hw_platform_0/ps7_init.tcl' is done.
05:07:57 INFO  : Context for 'APU' is selected.
05:07:57 INFO  : Hardware design information is loaded from 'C:/Zynq_Book/rtos_time_slice_schedule/rtos_time_slice_schedule.sdk/first_zynq_system_wrapper_hw_platform_0/system.hdf'.
05:07:57 INFO  : 'configparams force-mem-access 1' command is executed.
05:07:57 INFO  : Context for 'APU' is selected.
05:07:57 INFO  : 'stop' command is executed.
05:07:59 INFO  : 'ps7_init' command is executed.
05:07:59 INFO  : 'ps7_post_config' command is executed.
05:07:59 INFO  : Context for processor 'ps7_cortexa9_0' is selected.
05:08:00 INFO  : Processor reset is completed for 'ps7_cortexa9_0'.
05:08:00 INFO  : Context for processor 'ps7_cortexa9_0' is selected.
05:08:00 INFO  : The application 'C:/Zynq_Book/rtos_time_slice_schedule/rtos_time_slice_schedule.sdk/time_slice_schedule/Debug/time_slice_schedule.elf' is downloaded to processor 'ps7_cortexa9_0'.
05:08:00 INFO  : 'configparams force-mem-access 0' command is executed.
05:08:00 INFO  : ----------------XSDB Script----------------
connect -url tcp:127.0.0.1:3121
source C:/Zynq_Book/rtos_time_slice_schedule/rtos_time_slice_schedule.sdk/first_zynq_system_wrapper_hw_platform_0/ps7_init.tcl
targets -set -nocase -filter {name =~"APU*" && jtag_cable_name =~ "Digilent Zybo 210279759083A"} -index 0
loadhw -hw C:/Zynq_Book/rtos_time_slice_schedule/rtos_time_slice_schedule.sdk/first_zynq_system_wrapper_hw_platform_0/system.hdf -mem-ranges [list {0x40000000 0xbfffffff}]
configparams force-mem-access 1
targets -set -nocase -filter {name =~"APU*" && jtag_cable_name =~ "Digilent Zybo 210279759083A"} -index 0
stop
ps7_init
ps7_post_config
targets -set -nocase -filter {name =~ "ARM*#0" && jtag_cable_name =~ "Digilent Zybo 210279759083A"} -index 0
rst -processor
targets -set -nocase -filter {name =~ "ARM*#0" && jtag_cable_name =~ "Digilent Zybo 210279759083A"} -index 0
dow C:/Zynq_Book/rtos_time_slice_schedule/rtos_time_slice_schedule.sdk/time_slice_schedule/Debug/time_slice_schedule.elf
configparams force-mem-access 0
----------------End of Script----------------

05:08:00 INFO  : Memory regions updated for context APU
05:08:00 INFO  : Context for processor 'ps7_cortexa9_0' is selected.
05:08:00 INFO  : 'con' command is executed.
05:08:00 INFO  : ----------------XSDB Script (After Launch)----------------
targets -set -nocase -filter {name =~ "ARM*#0" && jtag_cable_name =~ "Digilent Zybo 210279759083A"} -index 0
con
----------------End of Script----------------

05:08:00 INFO  : Launch script is exported to file 'C:\Zynq_Book\rtos_time_slice_schedule\rtos_time_slice_schedule.sdk\.sdk\launch_scripts\xilinx_c-c++_application_(system_debugger)\system_debugger_using_debug_time_slice_schedule.elf_on_local.tcl'
